\BOOKMARK [0][-]{chapter.1}{Introduction}{}% 1
\BOOKMARK [0][-]{chapter.2}{Contexte et probl\351matique}{}% 2
\BOOKMARK [1][-]{section.2.1}{Le cycle de vie d'une application}{chapter.2}% 3
\BOOKMARK [1][-]{section.2.2}{La recette fonctionnelle}{chapter.2}% 4
\BOOKMARK [2][-]{subsection.2.2.1}{L'environnement de recette}{section.2.2}% 5
\BOOKMARK [2][-]{subsection.2.2.2}{Les cahiers de recettes}{section.2.2}% 6
\BOOKMARK [2][-]{subsection.2.2.3}{L'automatisation de la recette fonctionnelle}{section.2.2}% 7
\BOOKMARK [1][-]{section.2.3}{L'int\351gration continue au service de la recette fonctionnelle}{chapter.2}% 8
\BOOKMARK [1][-]{section.2.4}{Les enjeux de la recette fonctionnelle}{chapter.2}% 9
\BOOKMARK [0][-]{chapter.3}{\311tat de l'art}{}% 10
\BOOKMARK [1][-]{section.3.1}{Les outils d'automatisation des tests}{chapter.3}% 11
\BOOKMARK [2][-]{subsection.3.1.1}{Selenium IDE}{section.3.1}% 12
\BOOKMARK [2][-]{subsection.3.1.2}{Sikuli}{section.3.1}% 13
\BOOKMARK [2][-]{subsection.3.1.3}{Kantu Web Automation}{section.3.1}% 14
\BOOKMARK [2][-]{subsection.3.1.4}{Sahi}{section.3.1}% 15
\BOOKMARK [2][-]{subsection.3.1.5}{HP - Unified Functional Testing}{section.3.1}% 16
\BOOKMARK [1][-]{section.3.2}{Les outils d'int\351gration continue}{chapter.3}% 17
\BOOKMARK [1][-]{section.3.3}{Les pipelines de d\351ploiement}{chapter.3}% 18
\BOOKMARK [2][-]{subsection.3.3.1}{Les pipelines au sein de l'int\351gration continue}{section.3.3}% 19
\BOOKMARK [2][-]{subsection.3.3.2}{Le pipeline as code}{section.3.3}% 20
\BOOKMARK [0][-]{chapter.4}{Proposition}{}% 21
\BOOKMARK [1][-]{section.4.1}{Am\351lioration de la recette fonctionnelle d'une application}{chapter.4}% 22
\BOOKMARK [1][-]{section.4.2}{Tests automatis\351s et int\351gration continue}{chapter.4}% 23
\BOOKMARK [2][-]{subsection.4.2.1}{Mise en place des tests automatis\351s avec Selenium}{section.4.2}% 24
\BOOKMARK [2][-]{subsection.4.2.2}{Int\351gration de Selenium au sein de Jenkins}{section.4.2}% 25
\BOOKMARK [2][-]{subsection.4.2.3}{Int\351gration des tests au sein du pipeline}{section.4.2}% 26
\BOOKMARK [1][-]{section.4.3}{Limites de l'automatisation des tests d'acceptation}{chapter.4}% 27
\BOOKMARK [2][-]{subsection.4.3.1}{Une d\351marche co\373teuse \340 mettre en place}{section.4.3}% 28
\BOOKMARK [2][-]{subsection.4.3.2}{Le probl\350me des changements dans l'interface}{section.4.3}% 29
\BOOKMARK [2][-]{subsection.4.3.3}{L'obligation de suivre les mises \340 jour des fonctionnalit\351s}{section.4.3}% 30
\BOOKMARK [2][-]{subsection.4.3.4}{Seule une \351criture tardive demeure possible}{section.4.3}% 31
\BOOKMARK [0][-]{chapter.5}{Conclusion}{}% 32
